<?xml version="1.0" encoding="UTF-8"?>
<!-- Generated by org.testng.reporters.JUnitReportReporter -->
<testsuite hostname="daas" name="seleniumPracticeMaven.SmokeTest" tests="1" failures="0" timestamp="22 Aug 2016 22:02:31 GMT" time="0.032" errors="0">
  <testcase name="verifyHomePage" time="0.032" classname="seleniumPracticeMaven.SmokeTest"/>
</testsuite> <!-- seleniumPracticeMaven.SmokeTest -->
